Determining if the pthread_create exist failed with the following output:
Change Dir: /home/chidiebereokoli/CLionProjects/P2 /cmake-build-debug/CMakeFiles/CMakeTmp

Run Build Command:"/usr/bin/make" "cmTC_27b2a/fast"
/usr/bin/make -f CMakeFiles/cmTC_27b2a.dir/build.make CMakeFiles/cmTC_27b2a.dir/build
make[1]: Entering directory '/home/chidiebereokoli/CLionProjects/P2 /cmake-build-debug/CMakeFiles/CMakeTmp'
Building C object CMakeFiles/cmTC_27b2a.dir/CheckSymbolExists.c.o
/usr/bin/cc    -o CMakeFiles/cmTC_27b2a.dir/CheckSymbolExists.c.o   -c "/home/chidiebereokoli/CLionProjects/P2 /cmake-build-debug/CMakeFiles/CMakeTmp/CheckSymbolExists.c"
Linking C executable cmTC_27b2a
/home/chidiebereokoli/clion-2017.3.2/bin/cmake/bin/cmake -E cmake_link_script CMakeFiles/cmTC_27b2a.dir/link.txt --verbose=1
/usr/bin/cc      CMakeFiles/cmTC_27b2a.dir/CheckSymbolExists.c.o  -o cmTC_27b2a 
CMakeFiles/cmTC_27b2a.dir/CheckSymbolExists.c.o: In function `main':
CheckSymbolExists.c:(.text+0x16): undefined reference to `pthread_create'
collect2: error: ld returned 1 exit status
CMakeFiles/cmTC_27b2a.dir/build.make:97: recipe for target 'cmTC_27b2a' failed
make[1]: *** [cmTC_27b2a] Error 1
make[1]: Leaving directory '/home/chidiebereokoli/CLionProjects/P2 /cmake-build-debug/CMakeFiles/CMakeTmp'
Makefile:126: recipe for target 'cmTC_27b2a/fast' failed
make: *** [cmTC_27b2a/fast] Error 2

File /home/chidiebereokoli/CLionProjects/P2 /cmake-build-debug/CMakeFiles/CMakeTmp/CheckSymbolExists.c:
/* */
#include <pthread.h>

int main(int argc, char** argv)
{
  (void)argv;
#ifndef pthread_create
  return ((int*)(&pthread_create))[argc];
#else
  (void)argc;
  return 0;
#endif
}

Determining if the function pthread_create exists in the pthreads failed with the following output:
Change Dir: /home/chidiebereokoli/CLionProjects/P2 /cmake-build-debug/CMakeFiles/CMakeTmp

Run Build Command:"/usr/bin/make" "cmTC_6b315/fast"
/usr/bin/make -f CMakeFiles/cmTC_6b315.dir/build.make CMakeFiles/cmTC_6b315.dir/build
make[1]: Entering directory '/home/chidiebereokoli/CLionProjects/P2 /cmake-build-debug/CMakeFiles/CMakeTmp'
Building C object CMakeFiles/cmTC_6b315.dir/CheckFunctionExists.c.o
/usr/bin/cc   -DCHECK_FUNCTION_EXISTS=pthread_create   -o CMakeFiles/cmTC_6b315.dir/CheckFunctionExists.c.o   -c /home/chidiebereokoli/clion-2017.3.2/bin/cmake/share/cmake-3.10/Modules/CheckFunctionExists.c
Linking C executable cmTC_6b315
/home/chidiebereokoli/clion-2017.3.2/bin/cmake/bin/cmake -E cmake_link_script CMakeFiles/cmTC_6b315.dir/link.txt --verbose=1
/usr/bin/cc  -DCHECK_FUNCTION_EXISTS=pthread_create    CMakeFiles/cmTC_6b315.dir/CheckFunctionExists.c.o  -o cmTC_6b315 -lpthreads 
/usr/bin/ld: cannot find -lpthreads
collect2: error: ld returned 1 exit status
CMakeFiles/cmTC_6b315.dir/build.make:97: recipe for target 'cmTC_6b315' failed
make[1]: *** [cmTC_6b315] Error 1
make[1]: Leaving directory '/home/chidiebereokoli/CLionProjects/P2 /cmake-build-debug/CMakeFiles/CMakeTmp'
Makefile:126: recipe for target 'cmTC_6b315/fast' failed
make: *** [cmTC_6b315/fast] Error 2


